[11-14 14:58:58,332] INFO [main] DemoWebApplication[55] - Starting DemoWebApplication on LAPTOP-C66GIPPV with PID 18856 (E:\github\demo\demo-web\target\classes started by 16561 in E:\github\demo)
[11-14 14:58:58,342] INFO [main] DemoWebApplication[651] - No active profile set, falling back to default profiles: default
[11-14 14:59:00,382] INFO [main] TomcatWebServer[92] - Tomcat initialized with port(s): 8080 (http)
[11-14 14:59:00,392] INFO [main] Http11NioProtocol[173] - Initializing ProtocolHandler ["http-nio-8080"]
[11-14 14:59:00,393] INFO [main] StandardService[173] - Starting service [Tomcat]
[11-14 14:59:00,393] INFO [main] StandardEngine[173] - Starting Servlet engine: [Apache Tomcat/9.0.27]
[11-14 14:59:00,509] INFO [main] [/][173] - Initializing Spring embedded WebApplicationContext
[11-14 14:59:00,510] INFO [main] ContextLoader[284] - Root WebApplicationContext: initialization completed in 2128 ms
[11-14 14:59:00,872] INFO [main] ThreadPoolTaskExecutor[171] - Initializing ExecutorService 'applicationTaskExecutor'
[11-14 14:59:01,010] INFO [main] Http11NioProtocol[173] - Starting ProtocolHandler ["http-nio-8080"]
[11-14 14:59:01,035] INFO [main] TomcatWebServer[204] - Tomcat started on port(s): 8080 (http) with context path ''
[11-14 14:59:01,038] INFO [main] DemoWebApplication[61] - Started DemoWebApplication in 3.173 seconds (JVM running for 3.742)
[11-14 15:00:00,006] INFO [http-nio-8080-exec-1] [/][173] - Initializing Spring DispatcherServlet 'dispatcherServlet'
[11-14 15:00:00,007] INFO [http-nio-8080-exec-1] DispatcherServlet[525] - Initializing Servlet 'dispatcherServlet'
[11-14 15:00:00,016] INFO [http-nio-8080-exec-1] DispatcherServlet[547] - Completed initialization in 8 ms
[11-14 15:00:00,067] INFO [http-nio-8080-exec-1] HikariDataSource[110] - HikariPool-1 - Starting...
[11-14 15:00:00,319] INFO [http-nio-8080-exec-1] HikariDataSource[123] - HikariPool-1 - Start completed.
[11-14 15:01:25,010] ERROR [main] SpringApplication[826] - Application run failed
org.springframework.boot.context.properties.bind.BindException: Failed to bind properties under 'logging.level' to java.util.Map<java.lang.String, org.springframework.boot.logging.LogLevel>
	at org.springframework.boot.context.properties.bind.Binder.handleBindError(Binder.java:364)
	at org.springframework.boot.context.properties.bind.Binder.bind(Binder.java:324)
	at org.springframework.boot.context.properties.bind.Binder.bind(Binder.java:308)
	at org.springframework.boot.context.properties.bind.Binder.bind(Binder.java:238)
	at org.springframework.boot.context.properties.bind.Binder.bind(Binder.java:212)
	at org.springframework.boot.context.logging.LoggingApplicationListener.setLogLevels(LoggingApplicationListener.java:398)
	at org.springframework.boot.context.logging.LoggingApplicationListener.initializeFinalLoggingLevels(LoggingApplicationListener.java:338)
	at org.springframework.boot.context.logging.LoggingApplicationListener.initialize(LoggingApplicationListener.java:289)
	at org.springframework.boot.context.logging.LoggingApplicationListener.onApplicationEnvironmentPreparedEvent(LoggingApplicationListener.java:246)
	at org.springframework.boot.context.logging.LoggingApplicationListener.onApplicationEvent(LoggingApplicationListener.java:223)
	at org.springframework.context.event.SimpleApplicationEventMulticaster.doInvokeListener(SimpleApplicationEventMulticaster.java:172)
	at org.springframework.context.event.SimpleApplicationEventMulticaster.invokeListener(SimpleApplicationEventMulticaster.java:165)
	at org.springframework.context.event.SimpleApplicationEventMulticaster.multicastEvent(SimpleApplicationEventMulticaster.java:139)
	at org.springframework.context.event.SimpleApplicationEventMulticaster.multicastEvent(SimpleApplicationEventMulticaster.java:127)
	at org.springframework.boot.context.event.EventPublishingRunListener.environmentPrepared(EventPublishingRunListener.java:76)
	at org.springframework.boot.SpringApplicationRunListeners.environmentPrepared(SpringApplicationRunListeners.java:53)
	at org.springframework.boot.SpringApplication.prepareEnvironment(SpringApplication.java:345)
	at org.springframework.boot.SpringApplication.run(SpringApplication.java:308)
	at org.springframework.boot.SpringApplication.run(SpringApplication.java:1226)
	at org.springframework.boot.SpringApplication.run(SpringApplication.java:1215)
	at com.example.demo.web.DemoWebApplication.main(DemoWebApplication.java:18)
Caused by: org.springframework.core.convert.ConverterNotFoundException: No converter found capable of converting from type [java.lang.String] to type [java.util.Map<java.lang.String, org.springframework.boot.logging.LogLevel>]
	at org.springframework.core.convert.support.GenericConversionService.handleConverterNotFound(GenericConversionService.java:321)
	at org.springframework.core.convert.support.GenericConversionService.convert(GenericConversionService.java:194)
	at org.springframework.boot.context.properties.bind.BindConverter$CompositeConversionService.convert(BindConverter.java:170)
	at org.springframework.boot.context.properties.bind.BindConverter.convert(BindConverter.java:96)
	at org.springframework.boot.context.properties.bind.BindConverter.convert(BindConverter.java:88)
	at org.springframework.boot.context.properties.bind.MapBinder.bindAggregate(MapBinder.java:64)
	at org.springframework.boot.context.properties.bind.AggregateBinder.bind(AggregateBinder.java:56)
	at org.springframework.boot.context.properties.bind.Binder.lambda$bindAggregate$3(Binder.java:415)
	at org.springframework.boot.context.properties.bind.Binder$Context.withIncreasedDepth(Binder.java:570)
	at org.springframework.boot.context.properties.bind.Binder$Context.access$100(Binder.java:513)
	at org.springframework.boot.context.properties.bind.Binder.bindAggregate(Binder.java:415)
	at org.springframework.boot.context.properties.bind.Binder.bindObject(Binder.java:376)
	at org.springframework.boot.context.properties.bind.Binder.bind(Binder.java:320)
	... 19 common frames omitted
[11-14 15:01:29,509] ERROR [main] SpringApplication[826] - Application run failed
org.springframework.boot.context.properties.bind.BindException: Failed to bind properties under 'logging.level' to java.util.Map<java.lang.String, org.springframework.boot.logging.LogLevel>
	at org.springframework.boot.context.properties.bind.Binder.handleBindError(Binder.java:364)
	at org.springframework.boot.context.properties.bind.Binder.bind(Binder.java:324)
	at org.springframework.boot.context.properties.bind.Binder.bind(Binder.java:308)
	at org.springframework.boot.context.properties.bind.Binder.bind(Binder.java:238)
	at org.springframework.boot.context.properties.bind.Binder.bind(Binder.java:212)
	at org.springframework.boot.context.logging.LoggingApplicationListener.setLogLevels(LoggingApplicationListener.java:398)
	at org.springframework.boot.context.logging.LoggingApplicationListener.initializeFinalLoggingLevels(LoggingApplicationListener.java:338)
	at org.springframework.boot.context.logging.LoggingApplicationListener.initialize(LoggingApplicationListener.java:289)
	at org.springframework.boot.context.logging.LoggingApplicationListener.onApplicationEnvironmentPreparedEvent(LoggingApplicationListener.java:246)
	at org.springframework.boot.context.logging.LoggingApplicationListener.onApplicationEvent(LoggingApplicationListener.java:223)
	at org.springframework.context.event.SimpleApplicationEventMulticaster.doInvokeListener(SimpleApplicationEventMulticaster.java:172)
	at org.springframework.context.event.SimpleApplicationEventMulticaster.invokeListener(SimpleApplicationEventMulticaster.java:165)
	at org.springframework.context.event.SimpleApplicationEventMulticaster.multicastEvent(SimpleApplicationEventMulticaster.java:139)
	at org.springframework.context.event.SimpleApplicationEventMulticaster.multicastEvent(SimpleApplicationEventMulticaster.java:127)
	at org.springframework.boot.context.event.EventPublishingRunListener.environmentPrepared(EventPublishingRunListener.java:76)
	at org.springframework.boot.SpringApplicationRunListeners.environmentPrepared(SpringApplicationRunListeners.java:53)
	at org.springframework.boot.SpringApplication.prepareEnvironment(SpringApplication.java:345)
	at org.springframework.boot.SpringApplication.run(SpringApplication.java:308)
	at org.springframework.boot.SpringApplication.run(SpringApplication.java:1226)
	at org.springframework.boot.SpringApplication.run(SpringApplication.java:1215)
	at com.example.demo.web.DemoWebApplication.main(DemoWebApplication.java:18)
Caused by: org.springframework.core.convert.ConverterNotFoundException: No converter found capable of converting from type [java.lang.String] to type [java.util.Map<java.lang.String, org.springframework.boot.logging.LogLevel>]
	at org.springframework.core.convert.support.GenericConversionService.handleConverterNotFound(GenericConversionService.java:321)
	at org.springframework.core.convert.support.GenericConversionService.convert(GenericConversionService.java:194)
	at org.springframework.boot.context.properties.bind.BindConverter$CompositeConversionService.convert(BindConverter.java:170)
	at org.springframework.boot.context.properties.bind.BindConverter.convert(BindConverter.java:96)
	at org.springframework.boot.context.properties.bind.BindConverter.convert(BindConverter.java:88)
	at org.springframework.boot.context.properties.bind.MapBinder.bindAggregate(MapBinder.java:64)
	at org.springframework.boot.context.properties.bind.AggregateBinder.bind(AggregateBinder.java:56)
	at org.springframework.boot.context.properties.bind.Binder.lambda$bindAggregate$3(Binder.java:415)
	at org.springframework.boot.context.properties.bind.Binder$Context.withIncreasedDepth(Binder.java:570)
	at org.springframework.boot.context.properties.bind.Binder$Context.access$100(Binder.java:513)
	at org.springframework.boot.context.properties.bind.Binder.bindAggregate(Binder.java:415)
	at org.springframework.boot.context.properties.bind.Binder.bindObject(Binder.java:376)
	at org.springframework.boot.context.properties.bind.Binder.bind(Binder.java:320)
	... 19 common frames omitted
[31m[11-14 15:16:57,221][0;39m [32mINFO[0;39m [34m[main][0;39m [1;35mDemoWebApplication[55][0;39m - [36mStarting DemoWebApplication on LAPTOP-C66GIPPV with PID 1984 (E:\github\demo\demo-web\target\classes started by 16561 in E:\github\demo)
[0;39m[31m[11-14 15:16:57,225][0;39m [32mINFO[0;39m [34m[main][0;39m [1;35mDemoWebApplication[651][0;39m - [36mNo active profile set, falling back to default profiles: default
[0;39m[31m[11-14 15:16:59,642][0;39m [32mINFO[0;39m [34m[main][0;39m [1;35mTomcatWebServer[92][0;39m - [36mTomcat initialized with port(s): 8080 (http)
[0;39m[31m[11-14 15:16:59,655][0;39m [32mINFO[0;39m [34m[main][0;39m [1;35mHttp11NioProtocol[173][0;39m - [36mInitializing ProtocolHandler ["http-nio-8080"]
[0;39m[31m[11-14 15:16:59,656][0;39m [32mINFO[0;39m [34m[main][0;39m [1;35mStandardService[173][0;39m - [36mStarting service [Tomcat]
[0;39m[31m[11-14 15:16:59,656][0;39m [32mINFO[0;39m [34m[main][0;39m [1;35mStandardEngine[173][0;39m - [36mStarting Servlet engine: [Apache Tomcat/9.0.27]
[0;39m[31m[11-14 15:16:59,787][0;39m [32mINFO[0;39m [34m[main][0;39m [1;35m[/][173][0;39m - [36mInitializing Spring embedded WebApplicationContext
[0;39m[31m[11-14 15:16:59,787][0;39m [32mINFO[0;39m [34m[main][0;39m [1;35mContextLoader[284][0;39m - [36mRoot WebApplicationContext: initialization completed in 2503 ms
[0;39m[31m[11-14 15:17:00,234][0;39m [32mINFO[0;39m [34m[main][0;39m [1;35mThreadPoolTaskExecutor[171][0;39m - [36mInitializing ExecutorService 'applicationTaskExecutor'
[0;39m[31m[11-14 15:17:00,415][0;39m [32mINFO[0;39m [34m[main][0;39m [1;35mHttp11NioProtocol[173][0;39m - [36mStarting ProtocolHandler ["http-nio-8080"]
[0;39m[31m[11-14 15:17:00,454][0;39m [32mINFO[0;39m [34m[main][0;39m [1;35mTomcatWebServer[204][0;39m - [36mTomcat started on port(s): 8080 (http) with context path ''
[0;39m[31m[11-14 15:17:00,458][0;39m [32mINFO[0;39m [34m[main][0;39m [1;35mDemoWebApplication[61][0;39m - [36mStarted DemoWebApplication in 3.835 seconds (JVM running for 4.505)
[0;39m[31m[11-14 15:17:17,092][0;39m [32mINFO[0;39m [34m[http-nio-8080-exec-2][0;39m [1;35m[/][173][0;39m - [36mInitializing Spring DispatcherServlet 'dispatcherServlet'
[0;39m[31m[11-14 15:17:17,093][0;39m [32mINFO[0;39m [34m[http-nio-8080-exec-2][0;39m [1;35mDispatcherServlet[525][0;39m - [36mInitializing Servlet 'dispatcherServlet'
[0;39m[31m[11-14 15:17:17,103][0;39m [32mINFO[0;39m [34m[http-nio-8080-exec-2][0;39m [1;35mDispatcherServlet[547][0;39m - [36mCompleted initialization in 10 ms
[0;39m[31m[11-14 15:17:17,244][0;39m [32mINFO[0;39m [34m[http-nio-8080-exec-2][0;39m [1;35mHikariDataSource[110][0;39m - [36mHikariPool-1 - Starting...
[0;39m[31m[11-14 15:17:17,445][0;39m [32mINFO[0;39m [34m[http-nio-8080-exec-2][0;39m [1;35mHikariDataSource[123][0;39m - [36mHikariPool-1 - Start completed.
[0;39m[31m[11-14 15:18:19,596][0;39m [32mINFO[0;39m [34m[SpringContextShutdownHook][0;39m [1;35mThreadPoolTaskExecutor[208][0;39m - [36mShutting down ExecutorService 'applicationTaskExecutor'
[0;39m[31m[11-14 15:18:19,597][0;39m [32mINFO[0;39m [34m[SpringContextShutdownHook][0;39m [1;35mHikariDataSource[350][0;39m - [36mHikariPool-1 - Shutdown initiated...
[0;39m[31m[11-14 15:18:19,610][0;39m [32mINFO[0;39m [34m[SpringContextShutdownHook][0;39m [1;35mHikariDataSource[352][0;39m - [36mHikariPool-1 - Shutdown completed.
[0;39m[11-14 16:07:55,520] INFO [main] DemoWebApplication[55] - Starting DemoWebApplication on LAPTOP-C66GIPPV with PID 5508 (E:\github\demo\demo-web\target\classes started by 16561 in E:\github\demo)
[11-14 16:07:55,523] INFO [main] DemoWebApplication[651] - No active profile set, falling back to default profiles: default
[11-14 16:07:58,140] INFO [main] PostProcessorRegistrationDelegate$BeanPostProcessorChecker[330] - Bean 'org.springframework.transaction.annotation.ProxyTransactionManagementConfiguration' of type [org.springframework.transaction.annotation.ProxyTransactionManagementConfiguration] is not eligible for getting processed by all BeanPostProcessors (for example: not eligible for auto-proxying)
[11-14 16:07:59,985] INFO [main] TomcatWebServer[92] - Tomcat initialized with port(s): 8080 (http)
[11-14 16:08:00,004] INFO [main] Http11NioProtocol[173] - Initializing ProtocolHandler ["http-nio-8080"]
[11-14 16:08:00,008] INFO [main] StandardService[173] - Starting service [Tomcat]
[11-14 16:08:00,010] INFO [main] StandardEngine[173] - Starting Servlet engine: [Apache Tomcat/9.0.27]
[11-14 16:08:00,177] INFO [main] [/][173] - Initializing Spring embedded WebApplicationContext
[11-14 16:08:00,178] INFO [main] ContextLoader[284] - Root WebApplicationContext: initialization completed in 4573 ms
[11-14 16:08:01,051] INFO [main] PropertySourcedRequestMappingHandlerMapping[69] - Mapped URL path [/v2/api-docs] onto method [springfox.documentation.swagger2.web.Swagger2Controller#getDocumentation(String, HttpServletRequest)]
[11-14 16:08:01,203] INFO [main] ThreadPoolTaskExecutor[171] - Initializing ExecutorService 'applicationTaskExecutor'
[11-14 16:08:01,401] INFO [main] DocumentationPluginsBootstrapper[151] - Context refreshed
[11-14 16:08:01,440] INFO [main] DocumentationPluginsBootstrapper[154] - Found 1 custom documentation plugin(s)
[11-14 16:08:01,568] INFO [main] ApiListingReferenceScanner[41] - Scanning for api listing references
[11-14 16:08:01,717] INFO [main] Http11NioProtocol[173] - Starting ProtocolHandler ["http-nio-8080"]
[11-14 16:08:01,753] INFO [main] TomcatWebServer[204] - Tomcat started on port(s): 8080 (http) with context path ''
[11-14 16:08:01,764] INFO [main] DemoWebApplication[61] - Started DemoWebApplication in 7.084 seconds (JVM running for 7.907)
[11-14 16:08:07,214] INFO [http-nio-8080-exec-1] [/][173] - Initializing Spring DispatcherServlet 'dispatcherServlet'
[11-14 16:08:07,214] INFO [http-nio-8080-exec-1] DispatcherServlet[525] - Initializing Servlet 'dispatcherServlet'
[11-14 16:08:07,235] INFO [http-nio-8080-exec-1] DispatcherServlet[547] - Completed initialization in 21 ms
[11-14 16:09:51,571] INFO [http-nio-8080-exec-1] HikariDataSource[110] - HikariPool-1 - Starting...
[11-14 16:09:52,070] INFO [http-nio-8080-exec-1] HikariDataSource[123] - HikariPool-1 - Start completed.
[11-14 16:13:06,751] INFO [main] DemoWebApplication[55] - Starting DemoWebApplication on LAPTOP-C66GIPPV with PID 1324 (E:\github\demo\demo-web\target\classes started by 16561 in E:\github\demo)
[11-14 16:13:06,757] INFO [main] DemoWebApplication[651] - No active profile set, falling back to default profiles: default
[11-14 16:13:08,889] INFO [main] PostProcessorRegistrationDelegate$BeanPostProcessorChecker[330] - Bean 'net.bull.javamelody.JavaMelodyAutoConfiguration' of type [net.bull.javamelody.JavaMelodyAutoConfiguration$$EnhancerBySpringCGLIB$$92c62d00] is not eligible for getting processed by all BeanPostProcessors (for example: not eligible for auto-proxying)
[11-14 16:13:09,132] INFO [main] PostProcessorRegistrationDelegate$BeanPostProcessorChecker[330] - Bean 'org.springframework.transaction.annotation.ProxyTransactionManagementConfiguration' of type [org.springframework.transaction.annotation.ProxyTransactionManagementConfiguration] is not eligible for getting processed by all BeanPostProcessors (for example: not eligible for auto-proxying)
[11-14 16:13:09,177] INFO [main] PostProcessorRegistrationDelegate$BeanPostProcessorChecker[330] - Bean 'monitoringSpringAdvisor' of type [net.bull.javamelody.MonitoringSpringAdvisor] is not eligible for getting processed by all BeanPostProcessors (for example: not eligible for auto-proxying)
[11-14 16:13:09,180] INFO [main] PostProcessorRegistrationDelegate$BeanPostProcessorChecker[330] - Bean 'monitoringSpringServiceAdvisor' of type [net.bull.javamelody.MonitoringSpringAdvisor] is not eligible for getting processed by all BeanPostProcessors (for example: not eligible for auto-proxying)
[11-14 16:13:09,181] INFO [main] PostProcessorRegistrationDelegate$BeanPostProcessorChecker[330] - Bean 'monitoringSpringControllerAdvisor' of type [net.bull.javamelody.MonitoringSpringAdvisor] is not eligible for getting processed by all BeanPostProcessors (for example: not eligible for auto-proxying)
[11-14 16:13:09,182] INFO [main] PostProcessorRegistrationDelegate$BeanPostProcessorChecker[330] - Bean 'monitoringSpringRestControllerAdvisor' of type [net.bull.javamelody.MonitoringSpringAdvisor] is not eligible for getting processed by all BeanPostProcessors (for example: not eligible for auto-proxying)
[11-14 16:13:09,193] INFO [main] PostProcessorRegistrationDelegate$BeanPostProcessorChecker[330] - Bean 'monitoringSpringAsyncAdvisor' of type [net.bull.javamelody.MonitoringSpringAdvisor] is not eligible for getting processed by all BeanPostProcessors (for example: not eligible for auto-proxying)
[11-14 16:13:10,798] INFO [main] TomcatWebServer[92] - Tomcat initialized with port(s): 8080 (http)
[11-14 16:13:10,813] INFO [main] Http11NioProtocol[173] - Initializing ProtocolHandler ["http-nio-8080"]
[11-14 16:13:10,814] INFO [main] StandardService[173] - Starting service [Tomcat]
[11-14 16:13:10,814] INFO [main] StandardEngine[173] - Starting Servlet engine: [Apache Tomcat/9.0.27]
[11-14 16:13:10,983] INFO [main] [/][173] - Initializing Spring embedded WebApplicationContext
[11-14 16:13:10,987] INFO [main] ContextLoader[284] - Root WebApplicationContext: initialization completed in 4160 ms
[11-14 16:13:14,301] INFO [main] PropertySourcedRequestMappingHandlerMapping[69] - Mapped URL path [/v2/api-docs] onto method [springfox.documentation.swagger2.web.Swagger2Controller#getDocumentation(String, HttpServletRequest)]
[11-14 16:13:14,437] INFO [main] ThreadPoolTaskExecutor[171] - Initializing ExecutorService 'applicationTaskExecutor'
[11-14 16:13:14,611] INFO [main] DocumentationPluginsBootstrapper[151] - Context refreshed
[11-14 16:13:14,639] INFO [main] DocumentationPluginsBootstrapper[154] - Found 1 custom documentation plugin(s)
[11-14 16:13:14,678] INFO [main] ApiListingReferenceScanner[41] - Scanning for api listing references
[11-14 16:13:14,809] INFO [main] Http11NioProtocol[173] - Starting ProtocolHandler ["http-nio-8080"]
[11-14 16:13:14,846] INFO [main] TomcatWebServer[204] - Tomcat started on port(s): 8080 (http) with context path ''
[11-14 16:13:14,854] INFO [main] DemoWebApplication[61] - Started DemoWebApplication in 8.931 seconds (JVM running for 9.883)
[11-14 16:13:17,088] INFO [http-nio-8080-exec-1] [/][173] - Initializing Spring DispatcherServlet 'dispatcherServlet'
[11-14 16:13:17,088] INFO [http-nio-8080-exec-1] DispatcherServlet[525] - Initializing Servlet 'dispatcherServlet'
[11-14 16:13:17,101] INFO [http-nio-8080-exec-1] DispatcherServlet[547] - Completed initialization in 13 ms
[11-14 16:13:17,131] INFO [http-nio-8080-exec-1] HikariDataSource[110] - HikariPool-1 - Starting...
[11-14 16:13:17,288] INFO [http-nio-8080-exec-1] HikariDataSource[123] - HikariPool-1 - Start completed.
[11-14 16:15:15,450] INFO [main] DemoWebApplication[55] - Starting DemoWebApplication on LAPTOP-C66GIPPV with PID 6988 (E:\github\demo\demo-web\target\classes started by 16561 in E:\github\demo)
[11-14 16:15:15,453] INFO [main] DemoWebApplication[651] - No active profile set, falling back to default profiles: default
[11-14 16:15:16,709] INFO [main] PostProcessorRegistrationDelegate$BeanPostProcessorChecker[330] - Bean 'net.bull.javamelody.JavaMelodyAutoConfiguration' of type [net.bull.javamelody.JavaMelodyAutoConfiguration$$EnhancerBySpringCGLIB$$c2a4f802] is not eligible for getting processed by all BeanPostProcessors (for example: not eligible for auto-proxying)
[11-14 16:15:16,792] INFO [main] PostProcessorRegistrationDelegate$BeanPostProcessorChecker[330] - Bean 'org.springframework.transaction.annotation.ProxyTransactionManagementConfiguration' of type [org.springframework.transaction.annotation.ProxyTransactionManagementConfiguration] is not eligible for getting processed by all BeanPostProcessors (for example: not eligible for auto-proxying)
[11-14 16:15:16,803] INFO [main] PostProcessorRegistrationDelegate$BeanPostProcessorChecker[330] - Bean 'monitoringSpringAdvisor' of type [net.bull.javamelody.MonitoringSpringAdvisor] is not eligible for getting processed by all BeanPostProcessors (for example: not eligible for auto-proxying)
[11-14 16:15:16,804] INFO [main] PostProcessorRegistrationDelegate$BeanPostProcessorChecker[330] - Bean 'monitoringSpringServiceAdvisor' of type [net.bull.javamelody.MonitoringSpringAdvisor] is not eligible for getting processed by all BeanPostProcessors (for example: not eligible for auto-proxying)
[11-14 16:15:16,805] INFO [main] PostProcessorRegistrationDelegate$BeanPostProcessorChecker[330] - Bean 'monitoringSpringControllerAdvisor' of type [net.bull.javamelody.MonitoringSpringAdvisor] is not eligible for getting processed by all BeanPostProcessors (for example: not eligible for auto-proxying)
[11-14 16:15:16,806] INFO [main] PostProcessorRegistrationDelegate$BeanPostProcessorChecker[330] - Bean 'monitoringSpringRestControllerAdvisor' of type [net.bull.javamelody.MonitoringSpringAdvisor] is not eligible for getting processed by all BeanPostProcessors (for example: not eligible for auto-proxying)
[11-14 16:15:16,812] INFO [main] PostProcessorRegistrationDelegate$BeanPostProcessorChecker[330] - Bean 'monitoringSpringAsyncAdvisor' of type [net.bull.javamelody.MonitoringSpringAdvisor] is not eligible for getting processed by all BeanPostProcessors (for example: not eligible for auto-proxying)
[11-14 16:15:17,902] INFO [main] TomcatWebServer[92] - Tomcat initialized with port(s): 8080 (http)
[11-14 16:15:17,911] INFO [main] Http11NioProtocol[173] - Initializing ProtocolHandler ["http-nio-8080"]
[11-14 16:15:17,913] INFO [main] StandardService[173] - Starting service [Tomcat]
[11-14 16:15:17,913] INFO [main] StandardEngine[173] - Starting Servlet engine: [Apache Tomcat/9.0.27]
[11-14 16:15:18,019] INFO [main] [/][173] - Initializing Spring embedded WebApplicationContext
[11-14 16:15:18,020] INFO [main] ContextLoader[284] - Root WebApplicationContext: initialization completed in 2508 ms
[11-14 16:15:19,818] INFO [main] PropertySourcedRequestMappingHandlerMapping[69] - Mapped URL path [/v2/api-docs] onto method [springfox.documentation.swagger2.web.Swagger2Controller#getDocumentation(String, HttpServletRequest)]
[11-14 16:15:19,906] INFO [main] ThreadPoolTaskExecutor[171] - Initializing ExecutorService 'applicationTaskExecutor'
[11-14 16:15:20,025] INFO [main] DocumentationPluginsBootstrapper[151] - Context refreshed
[11-14 16:15:20,042] INFO [main] DocumentationPluginsBootstrapper[154] - Found 1 custom documentation plugin(s)
[11-14 16:15:20,073] INFO [main] ApiListingReferenceScanner[41] - Scanning for api listing references
[11-14 16:15:20,156] INFO [main] Http11NioProtocol[173] - Starting ProtocolHandler ["http-nio-8080"]
[11-14 16:15:20,177] INFO [main] TomcatWebServer[204] - Tomcat started on port(s): 8080 (http) with context path ''
[11-14 16:15:20,180] INFO [main] DemoWebApplication[61] - Started DemoWebApplication in 5.289 seconds (JVM running for 5.779)
[11-14 16:15:30,085] INFO [http-nio-8080-exec-1] [/][173] - Initializing Spring DispatcherServlet 'dispatcherServlet'
[11-14 16:15:30,085] INFO [http-nio-8080-exec-1] DispatcherServlet[525] - Initializing Servlet 'dispatcherServlet'
[11-14 16:15:30,095] INFO [http-nio-8080-exec-1] DispatcherServlet[547] - Completed initialization in 10 ms
[11-14 16:16:07,273] INFO [http-nio-8080-exec-5] HikariDataSource[110] - HikariPool-1 - Starting...
[11-14 16:16:07,418] INFO [http-nio-8080-exec-5] HikariDataSource[123] - HikariPool-1 - Start completed.
[11-14 16:34:50,142] INFO [main] DemoWebApplication[55] - Starting DemoWebApplication on LAPTOP-C66GIPPV with PID 16560 (E:\github\demo\demo-web\target\classes started by 16561 in E:\github\demo)
[11-14 16:34:50,147] INFO [main] DemoWebApplication[651] - No active profile set, falling back to default profiles: default
[11-14 16:34:52,463] INFO [main] RepositoryConfigurationDelegate[246] - Multiple Spring Data modules found, entering strict repository configuration mode!
[11-14 16:34:52,467] INFO [main] RepositoryConfigurationDelegate[126] - Bootstrapping Spring Data repositories in DEFAULT mode.
[11-14 16:34:52,510] INFO [main] RepositoryConfigurationDelegate[184] - Finished Spring Data repository scanning in 22ms. Found 0 repository interfaces.
[11-14 16:34:53,219] INFO [main] PostProcessorRegistrationDelegate$BeanPostProcessorChecker[330] - Bean 'net.bull.javamelody.JavaMelodyAutoConfiguration' of type [net.bull.javamelody.JavaMelodyAutoConfiguration$$EnhancerBySpringCGLIB$$6b5beedd] is not eligible for getting processed by all BeanPostProcessors (for example: not eligible for auto-proxying)
[11-14 16:34:53,792] INFO [main] PostProcessorRegistrationDelegate$BeanPostProcessorChecker[330] - Bean 'org.springframework.transaction.annotation.ProxyTransactionManagementConfiguration' of type [org.springframework.transaction.annotation.ProxyTransactionManagementConfiguration] is not eligible for getting processed by all BeanPostProcessors (for example: not eligible for auto-proxying)
[11-14 16:34:53,890] INFO [main] PostProcessorRegistrationDelegate$BeanPostProcessorChecker[330] - Bean 'monitoringSpringAdvisor' of type [net.bull.javamelody.MonitoringSpringAdvisor] is not eligible for getting processed by all BeanPostProcessors (for example: not eligible for auto-proxying)
[11-14 16:34:53,894] INFO [main] PostProcessorRegistrationDelegate$BeanPostProcessorChecker[330] - Bean 'monitoringSpringServiceAdvisor' of type [net.bull.javamelody.MonitoringSpringAdvisor] is not eligible for getting processed by all BeanPostProcessors (for example: not eligible for auto-proxying)
[11-14 16:34:53,899] INFO [main] PostProcessorRegistrationDelegate$BeanPostProcessorChecker[330] - Bean 'monitoringSpringControllerAdvisor' of type [net.bull.javamelody.MonitoringSpringAdvisor] is not eligible for getting processed by all BeanPostProcessors (for example: not eligible for auto-proxying)
[11-14 16:34:53,901] INFO [main] PostProcessorRegistrationDelegate$BeanPostProcessorChecker[330] - Bean 'monitoringSpringRestControllerAdvisor' of type [net.bull.javamelody.MonitoringSpringAdvisor] is not eligible for getting processed by all BeanPostProcessors (for example: not eligible for auto-proxying)
[11-14 16:34:53,944] INFO [main] PostProcessorRegistrationDelegate$BeanPostProcessorChecker[330] - Bean 'monitoringSpringAsyncAdvisor' of type [net.bull.javamelody.MonitoringSpringAdvisor] is not eligible for getting processed by all BeanPostProcessors (for example: not eligible for auto-proxying)
[11-14 16:34:55,539] INFO [main] TomcatWebServer[92] - Tomcat initialized with port(s): 8080 (http)
[11-14 16:34:55,555] INFO [main] Http11NioProtocol[173] - Initializing ProtocolHandler ["http-nio-8080"]
[11-14 16:34:55,556] INFO [main] StandardService[173] - Starting service [Tomcat]
[11-14 16:34:55,557] INFO [main] StandardEngine[173] - Starting Servlet engine: [Apache Tomcat/9.0.27]
[11-14 16:34:55,759] INFO [main] [/][173] - Initializing Spring embedded WebApplicationContext
[11-14 16:34:55,760] INFO [main] ContextLoader[284] - Root WebApplicationContext: initialization completed in 5529 ms
[11-14 16:34:58,051] WARN [main] AnnotationConfigServletWebServerApplicationContext[558] - Exception encountered during context initialization - cancelling refresh attempt: org.springframework.beans.factory.UnsatisfiedDependencyException: Error creating bean with name 'demoController': Unsatisfied dependency expressed through field 'demoService'; nested exception is org.springframework.beans.factory.UnsatisfiedDependencyException: Error creating bean with name 'demoServiceImpl': Unsatisfied dependency expressed through field 'redisClient'; nested exception is org.springframework.beans.factory.UnsatisfiedDependencyException: Error creating bean with name 'redisClient': Unsatisfied dependency expressed through field 'redisTemplate'; nested exception is org.springframework.beans.factory.UnsatisfiedDependencyException: Error creating bean with name 'redisTemplate' defined in class path resource [com/example/demo/common/redis/RedisConfig.class]: Unsatisfied dependency expressed through method 'redisTemplate' parameter 0; nested exception is org.springframework.beans.factory.UnsatisfiedDependencyException: Error creating bean with name 'org.springframework.boot.autoconfigure.data.redis.LettuceConnectionConfiguration': Unsatisfied dependency expressed through constructor parameter 0; nested exception is org.springframework.boot.context.properties.ConfigurationPropertiesBindException: Error creating bean with name 'spring.redis-org.springframework.boot.autoconfigure.data.redis.RedisProperties': Could not bind properties to 'RedisProperties' : prefix=spring.redis, ignoreInvalidFields=false, ignoreUnknownFields=true; nested exception is org.springframework.boot.context.properties.bind.BindException: Failed to bind properties under 'spring.redis.timeout' to java.time.Duration
[11-14 16:34:58,056] INFO [main] StandardService[173] - Stopping service [Tomcat]
[11-14 16:34:58,207] INFO [main] ConditionEvaluationReportLoggingListener[136] - 

Error starting ApplicationContext. To display the conditions report re-run your application with 'debug' enabled.
[11-14 16:34:58,235] ERROR [main] LoggingFailureAnalysisReporter[40] - 

***************************
APPLICATION FAILED TO START
***************************

Description:

Failed to bind properties under 'spring.redis.timeout' to java.time.Duration:

    Property: spring.redis.timeout
    Value: 3000 
    Origin: class path resource [application.properties]:34:24
    Reason: failed to convert java.lang.String to java.time.Duration

Action:

Update your application's configuration

[11-14 16:42:54,074] INFO [main] DemoWebApplication[55] - Starting DemoWebApplication on LAPTOP-C66GIPPV with PID 1272 (E:\github\demo\demo-web\target\classes started by 16561 in E:\github\demo)
[11-14 16:42:54,077] INFO [main] DemoWebApplication[651] - No active profile set, falling back to default profiles: default
[11-14 16:42:55,284] INFO [main] RepositoryConfigurationDelegate[246] - Multiple Spring Data modules found, entering strict repository configuration mode!
[11-14 16:42:55,291] INFO [main] RepositoryConfigurationDelegate[126] - Bootstrapping Spring Data repositories in DEFAULT mode.
[11-14 16:42:55,322] INFO [main] RepositoryConfigurationDelegate[184] - Finished Spring Data repository scanning in 10ms. Found 0 repository interfaces.
[11-14 16:42:55,609] INFO [main] PostProcessorRegistrationDelegate$BeanPostProcessorChecker[330] - Bean 'net.bull.javamelody.JavaMelodyAutoConfiguration' of type [net.bull.javamelody.JavaMelodyAutoConfiguration$$EnhancerBySpringCGLIB$$a92e1c2b] is not eligible for getting processed by all BeanPostProcessors (for example: not eligible for auto-proxying)
[11-14 16:42:55,680] INFO [main] PostProcessorRegistrationDelegate$BeanPostProcessorChecker[330] - Bean 'org.springframework.transaction.annotation.ProxyTransactionManagementConfiguration' of type [org.springframework.transaction.annotation.ProxyTransactionManagementConfiguration] is not eligible for getting processed by all BeanPostProcessors (for example: not eligible for auto-proxying)
[11-14 16:42:55,690] INFO [main] PostProcessorRegistrationDelegate$BeanPostProcessorChecker[330] - Bean 'monitoringSpringAdvisor' of type [net.bull.javamelody.MonitoringSpringAdvisor] is not eligible for getting processed by all BeanPostProcessors (for example: not eligible for auto-proxying)
[11-14 16:42:55,691] INFO [main] PostProcessorRegistrationDelegate$BeanPostProcessorChecker[330] - Bean 'monitoringSpringServiceAdvisor' of type [net.bull.javamelody.MonitoringSpringAdvisor] is not eligible for getting processed by all BeanPostProcessors (for example: not eligible for auto-proxying)
[11-14 16:42:55,691] INFO [main] PostProcessorRegistrationDelegate$BeanPostProcessorChecker[330] - Bean 'monitoringSpringControllerAdvisor' of type [net.bull.javamelody.MonitoringSpringAdvisor] is not eligible for getting processed by all BeanPostProcessors (for example: not eligible for auto-proxying)
[11-14 16:42:55,692] INFO [main] PostProcessorRegistrationDelegate$BeanPostProcessorChecker[330] - Bean 'monitoringSpringRestControllerAdvisor' of type [net.bull.javamelody.MonitoringSpringAdvisor] is not eligible for getting processed by all BeanPostProcessors (for example: not eligible for auto-proxying)
[11-14 16:42:55,697] INFO [main] PostProcessorRegistrationDelegate$BeanPostProcessorChecker[330] - Bean 'monitoringSpringAsyncAdvisor' of type [net.bull.javamelody.MonitoringSpringAdvisor] is not eligible for getting processed by all BeanPostProcessors (for example: not eligible for auto-proxying)
[11-14 16:42:56,930] INFO [main] TomcatWebServer[92] - Tomcat initialized with port(s): 8080 (http)
[11-14 16:42:56,940] INFO [main] Http11NioProtocol[173] - Initializing ProtocolHandler ["http-nio-8080"]
[11-14 16:42:56,941] INFO [main] StandardService[173] - Starting service [Tomcat]
[11-14 16:42:56,941] INFO [main] StandardEngine[173] - Starting Servlet engine: [Apache Tomcat/9.0.27]
[11-14 16:42:57,055] INFO [main] [/][173] - Initializing Spring embedded WebApplicationContext
[11-14 16:42:57,055] INFO [main] ContextLoader[284] - Root WebApplicationContext: initialization completed in 2931 ms
[11-14 16:43:00,827] INFO [main] PropertySourcedRequestMappingHandlerMapping[69] - Mapped URL path [/v2/api-docs] onto method [springfox.documentation.swagger2.web.Swagger2Controller#getDocumentation(String, HttpServletRequest)]
[11-14 16:43:01,116] INFO [main] ThreadPoolTaskExecutor[171] - Initializing ExecutorService 'applicationTaskExecutor'
[11-14 16:43:01,915] INFO [main] DocumentationPluginsBootstrapper[151] - Context refreshed
[11-14 16:43:01,948] INFO [main] DocumentationPluginsBootstrapper[154] - Found 1 custom documentation plugin(s)
[11-14 16:43:01,989] INFO [main] ApiListingReferenceScanner[41] - Scanning for api listing references
[11-14 16:43:02,099] INFO [main] Http11NioProtocol[173] - Starting ProtocolHandler ["http-nio-8080"]
[11-14 16:43:02,232] INFO [main] TomcatWebServer[204] - Tomcat started on port(s): 8080 (http) with context path ''
[11-14 16:43:02,236] INFO [main] DemoWebApplication[61] - Started DemoWebApplication in 8.63 seconds (JVM running for 9.199)
[11-14 16:52:58,693] INFO [javamelody] HikariDataSource[110] - HikariPool-1 - Starting...
[11-14 16:52:59,528] INFO [javamelody] HikariDataSource[123] - HikariPool-1 - Start completed.
[11-14 16:59:23,032] INFO [http-nio-8080-exec-1] [/][173] - Initializing Spring DispatcherServlet 'dispatcherServlet'
[11-14 16:59:23,033] INFO [http-nio-8080-exec-1] DispatcherServlet[525] - Initializing Servlet 'dispatcherServlet'
[11-14 16:59:23,086] INFO [http-nio-8080-exec-1] DispatcherServlet[547] - Completed initialization in 52 ms
[11-14 16:59:25,215] INFO [http-nio-8080-exec-1] EpollProvider[68] - Starting without optional epoll library
[11-14 16:59:25,228] INFO [http-nio-8080-exec-1] KqueueProvider[70] - Starting without optional kqueue library
[11-14 17:02:09,587] INFO [main] DemoWebApplication[55] - Starting DemoWebApplication on LAPTOP-C66GIPPV with PID 9108 (E:\github\demo\demo-web\target\classes started by 16561 in E:\github\demo)
[11-14 17:02:09,605] INFO [main] DemoWebApplication[651] - No active profile set, falling back to default profiles: default
[11-14 17:02:11,742] INFO [main] RepositoryConfigurationDelegate[246] - Multiple Spring Data modules found, entering strict repository configuration mode!
[11-14 17:02:11,747] INFO [main] RepositoryConfigurationDelegate[126] - Bootstrapping Spring Data repositories in DEFAULT mode.
[11-14 17:02:11,786] INFO [main] RepositoryConfigurationDelegate[184] - Finished Spring Data repository scanning in 11ms. Found 0 repository interfaces.
[11-14 17:02:12,085] INFO [main] PostProcessorRegistrationDelegate$BeanPostProcessorChecker[330] - Bean 'net.bull.javamelody.JavaMelodyAutoConfiguration' of type [net.bull.javamelody.JavaMelodyAutoConfiguration$$EnhancerBySpringCGLIB$$66d7a447] is not eligible for getting processed by all BeanPostProcessors (for example: not eligible for auto-proxying)
[11-14 17:02:12,198] INFO [main] PostProcessorRegistrationDelegate$BeanPostProcessorChecker[330] - Bean 'org.springframework.transaction.annotation.ProxyTransactionManagementConfiguration' of type [org.springframework.transaction.annotation.ProxyTransactionManagementConfiguration] is not eligible for getting processed by all BeanPostProcessors (for example: not eligible for auto-proxying)
[11-14 17:02:12,212] INFO [main] PostProcessorRegistrationDelegate$BeanPostProcessorChecker[330] - Bean 'monitoringSpringAdvisor' of type [net.bull.javamelody.MonitoringSpringAdvisor] is not eligible for getting processed by all BeanPostProcessors (for example: not eligible for auto-proxying)
[11-14 17:02:12,214] INFO [main] PostProcessorRegistrationDelegate$BeanPostProcessorChecker[330] - Bean 'monitoringSpringServiceAdvisor' of type [net.bull.javamelody.MonitoringSpringAdvisor] is not eligible for getting processed by all BeanPostProcessors (for example: not eligible for auto-proxying)
[11-14 17:02:12,215] INFO [main] PostProcessorRegistrationDelegate$BeanPostProcessorChecker[330] - Bean 'monitoringSpringControllerAdvisor' of type [net.bull.javamelody.MonitoringSpringAdvisor] is not eligible for getting processed by all BeanPostProcessors (for example: not eligible for auto-proxying)
[11-14 17:02:12,216] INFO [main] PostProcessorRegistrationDelegate$BeanPostProcessorChecker[330] - Bean 'monitoringSpringRestControllerAdvisor' of type [net.bull.javamelody.MonitoringSpringAdvisor] is not eligible for getting processed by all BeanPostProcessors (for example: not eligible for auto-proxying)
[11-14 17:02:12,224] INFO [main] PostProcessorRegistrationDelegate$BeanPostProcessorChecker[330] - Bean 'monitoringSpringAsyncAdvisor' of type [net.bull.javamelody.MonitoringSpringAdvisor] is not eligible for getting processed by all BeanPostProcessors (for example: not eligible for auto-proxying)
[11-14 17:02:13,937] INFO [main] TomcatWebServer[92] - Tomcat initialized with port(s): 8080 (http)
[11-14 17:02:13,952] INFO [main] Http11NioProtocol[173] - Initializing ProtocolHandler ["http-nio-8080"]
[11-14 17:02:13,953] INFO [main] StandardService[173] - Starting service [Tomcat]
[11-14 17:02:13,954] INFO [main] StandardEngine[173] - Starting Servlet engine: [Apache Tomcat/9.0.27]
[11-14 17:02:14,392] INFO [main] [/][173] - Initializing Spring embedded WebApplicationContext
[11-14 17:02:14,392] INFO [main] ContextLoader[284] - Root WebApplicationContext: initialization completed in 4536 ms
[11-14 17:02:17,888] INFO [main] PropertySourcedRequestMappingHandlerMapping[69] - Mapped URL path [/v2/api-docs] onto method [springfox.documentation.swagger2.web.Swagger2Controller#getDocumentation(String, HttpServletRequest)]
[11-14 17:02:18,004] INFO [main] ThreadPoolTaskExecutor[171] - Initializing ExecutorService 'applicationTaskExecutor'
[11-14 17:02:18,351] INFO [main] DocumentationPluginsBootstrapper[151] - Context refreshed
[11-14 17:02:18,390] INFO [main] DocumentationPluginsBootstrapper[154] - Found 1 custom documentation plugin(s)
[11-14 17:02:18,438] INFO [main] ApiListingReferenceScanner[41] - Scanning for api listing references
[11-14 17:02:18,585] INFO [main] Http11NioProtocol[173] - Starting ProtocolHandler ["http-nio-8080"]
[11-14 17:02:18,626] INFO [main] TomcatWebServer[204] - Tomcat started on port(s): 8080 (http) with context path ''
[11-14 17:02:18,630] INFO [main] DemoWebApplication[61] - Started DemoWebApplication in 11.185 seconds (JVM running for 12.744)
[11-14 17:02:22,516] INFO [http-nio-8080-exec-2] [/][173] - Initializing Spring DispatcherServlet 'dispatcherServlet'
[11-14 17:02:22,516] INFO [http-nio-8080-exec-2] DispatcherServlet[525] - Initializing Servlet 'dispatcherServlet'
[11-14 17:02:22,529] INFO [http-nio-8080-exec-2] DispatcherServlet[547] - Completed initialization in 13 ms
[11-14 17:02:22,609] INFO [http-nio-8080-exec-2] HikariDataSource[110] - HikariPool-1 - Starting...
[11-14 17:02:22,923] INFO [http-nio-8080-exec-2] HikariDataSource[123] - HikariPool-1 - Start completed.
[11-14 17:02:30,028] INFO [http-nio-8080-exec-2] EpollProvider[68] - Starting without optional epoll library
[11-14 17:02:30,031] INFO [http-nio-8080-exec-2] KqueueProvider[70] - Starting without optional kqueue library
[11-14 17:02:30,224] INFO [SpringContextShutdownHook] ThreadPoolTaskExecutor[208] - Shutting down ExecutorService 'applicationTaskExecutor'
[11-14 17:07:33,367] INFO [main] DemoWebApplication[55] - Starting DemoWebApplication on LAPTOP-C66GIPPV with PID 6432 (E:\github\demo\demo-web\target\classes started by 16561 in E:\github\demo)
[11-14 17:07:33,372] INFO [main] DemoWebApplication[651] - No active profile set, falling back to default profiles: default
[11-14 17:07:35,270] INFO [main] RepositoryConfigurationDelegate[246] - Multiple Spring Data modules found, entering strict repository configuration mode!
[11-14 17:07:35,273] INFO [main] RepositoryConfigurationDelegate[126] - Bootstrapping Spring Data repositories in DEFAULT mode.
[11-14 17:07:35,363] INFO [main] RepositoryConfigurationDelegate[184] - Finished Spring Data repository scanning in 38ms. Found 0 repository interfaces.
[11-14 17:07:35,790] INFO [main] PostProcessorRegistrationDelegate$BeanPostProcessorChecker[330] - Bean 'net.bull.javamelody.JavaMelodyAutoConfiguration' of type [net.bull.javamelody.JavaMelodyAutoConfiguration$$EnhancerBySpringCGLIB$$e5adf274] is not eligible for getting processed by all BeanPostProcessors (for example: not eligible for auto-proxying)
[11-14 17:07:35,914] INFO [main] PostProcessorRegistrationDelegate$BeanPostProcessorChecker[330] - Bean 'org.springframework.transaction.annotation.ProxyTransactionManagementConfiguration' of type [org.springframework.transaction.annotation.ProxyTransactionManagementConfiguration] is not eligible for getting processed by all BeanPostProcessors (for example: not eligible for auto-proxying)
[11-14 17:07:36,032] INFO [main] PostProcessorRegistrationDelegate$BeanPostProcessorChecker[330] - Bean 'monitoringSpringAdvisor' of type [net.bull.javamelody.MonitoringSpringAdvisor] is not eligible for getting processed by all BeanPostProcessors (for example: not eligible for auto-proxying)
[11-14 17:07:36,055] INFO [main] PostProcessorRegistrationDelegate$BeanPostProcessorChecker[330] - Bean 'monitoringSpringServiceAdvisor' of type [net.bull.javamelody.MonitoringSpringAdvisor] is not eligible for getting processed by all BeanPostProcessors (for example: not eligible for auto-proxying)
[11-14 17:07:36,061] INFO [main] PostProcessorRegistrationDelegate$BeanPostProcessorChecker[330] - Bean 'monitoringSpringControllerAdvisor' of type [net.bull.javamelody.MonitoringSpringAdvisor] is not eligible for getting processed by all BeanPostProcessors (for example: not eligible for auto-proxying)
[11-14 17:07:36,063] INFO [main] PostProcessorRegistrationDelegate$BeanPostProcessorChecker[330] - Bean 'monitoringSpringRestControllerAdvisor' of type [net.bull.javamelody.MonitoringSpringAdvisor] is not eligible for getting processed by all BeanPostProcessors (for example: not eligible for auto-proxying)
[11-14 17:07:36,074] INFO [main] PostProcessorRegistrationDelegate$BeanPostProcessorChecker[330] - Bean 'monitoringSpringAsyncAdvisor' of type [net.bull.javamelody.MonitoringSpringAdvisor] is not eligible for getting processed by all BeanPostProcessors (for example: not eligible for auto-proxying)
[11-14 17:07:37,327] INFO [main] TomcatWebServer[92] - Tomcat initialized with port(s): 8080 (http)
[11-14 17:07:37,339] INFO [main] Http11NioProtocol[173] - Initializing ProtocolHandler ["http-nio-8080"]
[11-14 17:07:37,340] INFO [main] StandardService[173] - Starting service [Tomcat]
[11-14 17:07:37,340] INFO [main] StandardEngine[173] - Starting Servlet engine: [Apache Tomcat/9.0.27]
[11-14 17:07:37,490] INFO [main] [/][173] - Initializing Spring embedded WebApplicationContext
[11-14 17:07:37,490] INFO [main] ContextLoader[284] - Root WebApplicationContext: initialization completed in 4056 ms
[11-14 17:07:39,834] INFO [main] PropertySourcedRequestMappingHandlerMapping[69] - Mapped URL path [/v2/api-docs] onto method [springfox.documentation.swagger2.web.Swagger2Controller#getDocumentation(String, HttpServletRequest)]
[11-14 17:07:39,965] INFO [main] ThreadPoolTaskExecutor[171] - Initializing ExecutorService 'applicationTaskExecutor'
[11-14 17:07:40,225] INFO [main] DocumentationPluginsBootstrapper[151] - Context refreshed
[11-14 17:07:40,251] INFO [main] DocumentationPluginsBootstrapper[154] - Found 1 custom documentation plugin(s)
[11-14 17:07:40,293] INFO [main] ApiListingReferenceScanner[41] - Scanning for api listing references
[11-14 17:07:40,442] INFO [main] Http11NioProtocol[173] - Starting ProtocolHandler ["http-nio-8080"]
[11-14 17:07:40,474] INFO [main] TomcatWebServer[204] - Tomcat started on port(s): 8080 (http) with context path ''
[11-14 17:07:40,478] INFO [main] DemoWebApplication[61] - Started DemoWebApplication in 7.773 seconds (JVM running for 8.43)
[11-14 17:08:11,837] INFO [http-nio-8080-exec-1] [/][173] - Initializing Spring DispatcherServlet 'dispatcherServlet'
[11-14 17:08:11,837] INFO [http-nio-8080-exec-1] DispatcherServlet[525] - Initializing Servlet 'dispatcherServlet'
[11-14 17:08:11,845] INFO [http-nio-8080-exec-1] DispatcherServlet[547] - Completed initialization in 7 ms
[11-14 17:08:11,926] INFO [http-nio-8080-exec-1] HikariDataSource[110] - HikariPool-1 - Starting...
[11-14 17:08:12,265] INFO [http-nio-8080-exec-1] HikariDataSource[123] - HikariPool-1 - Start completed.
[11-14 17:08:17,892] INFO [http-nio-8080-exec-1] EpollProvider[68] - Starting without optional epoll library
[11-14 17:08:17,897] INFO [http-nio-8080-exec-1] KqueueProvider[70] - Starting without optional kqueue library
[11-14 17:09:01,627] INFO [SpringContextShutdownHook] ThreadPoolTaskExecutor[208] - Shutting down ExecutorService 'applicationTaskExecutor'
[11-14 17:09:01,793] INFO [SpringContextShutdownHook] HikariDataSource[350] - HikariPool-1 - Shutdown initiated...
[11-14 17:09:01,827] INFO [SpringContextShutdownHook] HikariDataSource[352] - HikariPool-1 - Shutdown completed.
